Performing C++ SOURCE FILE Test CMAKE_HAVE_LIBC_PTHREAD failed with the following output:
Change Dir: /home/ub/workspace/codespace/cloth/learn_cuda/cmake-build-debug/CMakeFiles/CMakeTmp

Run Build Command(s):/usr/bin/make cmTC_61bfe/fast && /usr/bin/make -f CMakeFiles/cmTC_61bfe.dir/build.make CMakeFiles/cmTC_61bfe.dir/build
make[1]: 进入目录“/home/ub/workspace/codespace/cloth/learn_cuda/cmake-build-debug/CMakeFiles/CMakeTmp”
Building CXX object CMakeFiles/cmTC_61bfe.dir/src.cxx.o
/usr/bin/c++    -DCMAKE_HAVE_LIBC_PTHREAD   -o CMakeFiles/cmTC_61bfe.dir/src.cxx.o -c /home/ub/workspace/codespace/cloth/learn_cuda/cmake-build-debug/CMakeFiles/CMakeTmp/src.cxx
Linking CXX executable cmTC_61bfe
/home/ub/workspace/Toolkits/CLion-2020.1.1/clion-2020.1.1/bin/cmake/linux/bin/cmake -E cmake_link_script CMakeFiles/cmTC_61bfe.dir/link.txt --verbose=1
/usr/bin/c++   -DCMAKE_HAVE_LIBC_PTHREAD    CMakeFiles/cmTC_61bfe.dir/src.cxx.o  -o cmTC_61bfe 
CMakeFiles/cmTC_61bfe.dir/src.cxx.o：在函数‘main’中：
src.cxx:(.text+0x3e)：对‘pthread_create’未定义的引用
src.cxx:(.text+0x4a)：对‘pthread_detach’未定义的引用
src.cxx:(.text+0x5b)：对‘pthread_join’未定义的引用
src.cxx:(.text+0x6f)：对‘pthread_atfork’未定义的引用
collect2: error: ld returned 1 exit status
CMakeFiles/cmTC_61bfe.dir/build.make:86: recipe for target 'cmTC_61bfe' failed
make[1]: *** [cmTC_61bfe] Error 1
make[1]: 离开目录“/home/ub/workspace/codespace/cloth/learn_cuda/cmake-build-debug/CMakeFiles/CMakeTmp”
Makefile:121: recipe for target 'cmTC_61bfe/fast' failed
make: *** [cmTC_61bfe/fast] Error 2


Source file was:
#include <pthread.h>

void* test_func(void* data)
{
  return data;
}

int main(void)
{
  pthread_t thread;
  pthread_create(&thread, NULL, test_func, NULL);
  pthread_detach(thread);
  pthread_join(thread, NULL);
  pthread_atfork(NULL, NULL, NULL);
  pthread_exit(NULL);

  return 0;
}

Determining if the function pthread_create exists in the pthreads failed with the following output:
Change Dir: /home/ub/workspace/codespace/cloth/learn_cuda/cmake-build-debug/CMakeFiles/CMakeTmp

Run Build Command(s):/usr/bin/make cmTC_af0d0/fast && /usr/bin/make -f CMakeFiles/cmTC_af0d0.dir/build.make CMakeFiles/cmTC_af0d0.dir/build
make[1]: 进入目录“/home/ub/workspace/codespace/cloth/learn_cuda/cmake-build-debug/CMakeFiles/CMakeTmp”
Building CXX object CMakeFiles/cmTC_af0d0.dir/CheckFunctionExists.cxx.o
/usr/bin/c++    -DCHECK_FUNCTION_EXISTS=pthread_create   -o CMakeFiles/cmTC_af0d0.dir/CheckFunctionExists.cxx.o -c /home/ub/workspace/codespace/cloth/learn_cuda/cmake-build-debug/CMakeFiles/CheckLibraryExists/CheckFunctionExists.cxx
Linking CXX executable cmTC_af0d0
/home/ub/workspace/Toolkits/CLion-2020.1.1/clion-2020.1.1/bin/cmake/linux/bin/cmake -E cmake_link_script CMakeFiles/cmTC_af0d0.dir/link.txt --verbose=1
/usr/bin/c++   -DCHECK_FUNCTION_EXISTS=pthread_create    CMakeFiles/cmTC_af0d0.dir/CheckFunctionExists.cxx.o  -o cmTC_af0d0  -lpthreads 
/usr/bin/ld: 找不到 -lpthreads
collect2: error: ld returned 1 exit status
CMakeFiles/cmTC_af0d0.dir/build.make:86: recipe for target 'cmTC_af0d0' failed
make[1]: *** [cmTC_af0d0] Error 1
make[1]: 离开目录“/home/ub/workspace/codespace/cloth/learn_cuda/cmake-build-debug/CMakeFiles/CMakeTmp”
Makefile:121: recipe for target 'cmTC_af0d0/fast' failed
make: *** [cmTC_af0d0/fast] Error 2



